K 25
svn:wc:ra_dav:version-url
V 82
/svn/ee461l-findbugs/!svn/ver/3/jUnit/src/org/junit/experimental/theories/internal
END
ParameterizedAssertionError.java
K 25
svn:wc:ra_dav:version-url
V 115
/svn/ee461l-findbugs/!svn/ver/3/jUnit/src/org/junit/experimental/theories/internal/ParameterizedAssertionError.java
END
Assignments.java
K 25
svn:wc:ra_dav:version-url
V 99
/svn/ee461l-findbugs/!svn/ver/3/jUnit/src/org/junit/experimental/theories/internal/Assignments.java
END
AllMembersSupplier.java
K 25
svn:wc:ra_dav:version-url
V 106
/svn/ee461l-findbugs/!svn/ver/3/jUnit/src/org/junit/experimental/theories/internal/AllMembersSupplier.java
END
